[debug] [2022-12-24T09:38:00.542Z] ----------------------------------------------------------------------
[debug] [2022-12-24T09:38:00.545Z] Command:       C:\Program Files\nodejs\node.exe C:\Users\imran\AppData\Roaming\npm\node_modules\firebase-tools\lib\bin\firebase.js deploy
[debug] [2022-12-24T09:38:00.545Z] CLI Version:   11.14.4
[debug] [2022-12-24T09:38:00.545Z] Platform:      win32
[debug] [2022-12-24T09:38:00.545Z] Node Version:  v16.13.1
[debug] [2022-12-24T09:38:00.547Z] Time:          Sat Dec 24 2022 15:38:00 GMT+0600 (Bangladesh Standard Time)
[debug] [2022-12-24T09:38:00.547Z] ----------------------------------------------------------------------
[debug] 
[debug] [2022-12-24T09:38:00.554Z] >>> [apiv2][query] GET https://firebase-public.firebaseio.com/cli.json [none]
[debug] [2022-12-24T09:38:00.670Z] > command requires scopes: ["email","openid","https://www.googleapis.com/auth/cloudplatformprojects.readonly","https://www.googleapis.com/auth/firebase","https://www.googleapis.com/auth/cloud-platform"]
[debug] [2022-12-24T09:38:00.671Z] > authorizing via signed-in user (imran15-1919@diu.edu.bd)
[debug] [2022-12-24T09:38:00.671Z] [iam] checking project ware-house-39886 for permissions ["firebase.projects.get","firebasehosting.sites.update"]
[debug] [2022-12-24T09:38:00.672Z] > refreshing access token with scopes: []
[debug] [2022-12-24T09:38:00.673Z] >>> [apiv2][query] POST https://www.googleapis.com/oauth2/v3/token [none]
[debug] [2022-12-24T09:38:00.673Z] >>> [apiv2][body] POST https://www.googleapis.com/oauth2/v3/token [omitted]
[debug] [2022-12-24T09:38:01.135Z] <<< [apiv2][status] POST https://www.googleapis.com/oauth2/v3/token 400
[debug] [2022-12-24T09:38:01.135Z] <<< [apiv2][body] POST https://www.googleapis.com/oauth2/v3/token [omitted]
[debug] [2022-12-24T09:38:01.135Z] >>> [apiv2][query] POST https://cloudresourcemanager.googleapis.com/v1/projects/ware-house-39886:testIamPermissions [none]
[debug] [2022-12-24T09:38:01.136Z] >>> [apiv2][(partial)header] POST https://cloudresourcemanager.googleapis.com/v1/projects/ware-house-39886:testIamPermissions x-goog-quota-user=projects/ware-house-39886
[debug] [2022-12-24T09:38:01.136Z] >>> [apiv2][body] POST https://cloudresourcemanager.googleapis.com/v1/projects/ware-house-39886:testIamPermissions {"permissions":["firebase.projects.get","firebasehosting.sites.update"]}
[debug] [2022-12-24T09:38:01.538Z] <<< [apiv2][status] GET https://firebase-public.firebaseio.com/cli.json 200
[debug] [2022-12-24T09:38:01.538Z] <<< [apiv2][body] GET https://firebase-public.firebaseio.com/cli.json {"cloudBuildErrorAfter":1594252800000,"cloudBuildWarnAfter":1590019200000,"defaultNode10After":1594252800000,"minVersion":"3.0.5","node8DeploysDisabledAfter":1613390400000,"node8RuntimeDisabledAfter":1615809600000,"node8WarnAfter":1600128000000}
[debug] [2022-12-24T09:38:02.517Z] <<< [apiv2][status] POST https://cloudresourcemanager.googleapis.com/v1/projects/ware-house-39886:testIamPermissions 401
[debug] [2022-12-24T09:38:02.517Z] <<< [apiv2][body] POST https://cloudresourcemanager.googleapis.com/v1/projects/ware-house-39886:testIamPermissions {"error":{"code":401,"message":"Request had invalid authentication credentials. Expected OAuth 2 access token, login cookie or other valid authentication credential. See https://developers.google.com/identity/sign-in/web/devconsole-project.","status":"UNAUTHENTICATED","details":[{"@type":"type.googleapis.com/google.rpc.ErrorInfo","reason":"ACCESS_TOKEN_TYPE_UNSUPPORTED","metadata":{"service":"cloudresourcemanager.googleapis.com","method":"google.cloudresourcemanager.v1.Projects.TestIamPermissions"}}]}}
[debug] [2022-12-24T09:38:02.521Z] [iam] error while checking permissions, command may fail: FirebaseError: HTTP Error: 401, Request had invalid authentication credentials. Expected OAuth 2 access token, login cookie or other valid authentication credential. See https://developers.google.com/identity/sign-in/web/devconsole-project.
[debug] [2022-12-24T09:38:02.523Z] > refreshing access token with scopes: []
[debug] [2022-12-24T09:38:02.524Z] >>> [apiv2][query] POST https://www.googleapis.com/oauth2/v3/token [none]
[debug] [2022-12-24T09:38:02.525Z] >>> [apiv2][body] POST https://www.googleapis.com/oauth2/v3/token [omitted]
[debug] [2022-12-24T09:38:02.791Z] <<< [apiv2][status] POST https://www.googleapis.com/oauth2/v3/token 400
[debug] [2022-12-24T09:38:02.792Z] <<< [apiv2][body] POST https://www.googleapis.com/oauth2/v3/token [omitted]
[debug] [2022-12-24T09:38:02.795Z] >>> [apiv2][query] GET https://firebase.googleapis.com/v1beta1/projects/ware-house-39886 [none]
[debug] [2022-12-24T09:38:03.264Z] <<< [apiv2][status] GET https://firebase.googleapis.com/v1beta1/projects/ware-house-39886 401
[debug] [2022-12-24T09:38:03.265Z] <<< [apiv2][body] GET https://firebase.googleapis.com/v1beta1/projects/ware-house-39886 {"error":{"code":401,"message":"Request had invalid authentication credentials. Expected OAuth 2 access token, login cookie or other valid authentication credential. See https://developers.google.com/identity/sign-in/web/devconsole-project.","status":"UNAUTHENTICATED"}}
[debug] [2022-12-24T09:38:03.265Z] HTTP Error: 401, Request had invalid authentication credentials. Expected OAuth 2 access token, login cookie or other valid authentication credential. See https://developers.google.com/identity/sign-in/web/devconsole-project.
[debug] [2022-12-24T09:38:03.594Z] FirebaseError: HTTP Error: 401, Request had invalid authentication credentials. Expected OAuth 2 access token, login cookie or other valid authentication credential. See https://developers.google.com/identity/sign-in/web/devconsole-project.
    at responseToError (C:\Users\imran\AppData\Roaming\npm\node_modules\firebase-tools\lib\responseToError.js:49:12)
    at RetryOperation._fn (C:\Users\imran\AppData\Roaming\npm\node_modules\firebase-tools\lib\apiv2.js:288:77)
    at processTicksAndRejections (node:internal/process/task_queues:96:5)
[error] 
[error] Error: Failed to get Firebase project ware-house-39886. Please make sure the project exists and your account has permission to access it.
[debug] [2022-12-24T09:39:16.970Z] ----------------------------------------------------------------------
[debug] [2022-12-24T09:39:16.973Z] Command:       C:\Program Files\nodejs\node.exe C:\Users\imran\AppData\Roaming\npm\node_modules\firebase-tools\lib\bin\firebase.js init
[debug] [2022-12-24T09:39:16.974Z] CLI Version:   11.14.4
[debug] [2022-12-24T09:39:16.974Z] Platform:      win32
[debug] [2022-12-24T09:39:16.974Z] Node Version:  v16.13.1
[debug] [2022-12-24T09:39:16.975Z] Time:          Sat Dec 24 2022 15:39:16 GMT+0600 (Bangladesh Standard Time)
[debug] [2022-12-24T09:39:16.976Z] ----------------------------------------------------------------------
[debug] 
[debug] [2022-12-24T09:39:17.078Z] > command requires scopes: ["email","openid","https://www.googleapis.com/auth/cloudplatformprojects.readonly","https://www.googleapis.com/auth/firebase","https://www.googleapis.com/auth/cloud-platform"]
[debug] [2022-12-24T09:39:17.079Z] > authorizing via signed-in user (imran15-1919@diu.edu.bd)
[info] 
     ######## #### ########  ######## ########     ###     ######  ########
     ##        ##  ##     ## ##       ##     ##  ##   ##  ##       ##
     ######    ##  ########  ######   ########  #########  ######  ######
     ##        ##  ##    ##  ##       ##     ## ##     ##       ## ##
     ##       #### ##     ## ######## ########  ##     ##  ######  ########

You're about to initialize a Firebase project in this directory:

  G:\Node-JS\ware-house-full\ware-house-client

Before we get started, keep in mind:

  * You are initializing within an existing Firebase project directory

[info] 
=== Project Setup
[info] 
[info] First, let's associate this project directory with a Firebase project.
[info] You can create multiple project aliases by running firebase use --add, 
[info] but for now we'll just set up a default project.
[info] 
[debug] [2022-12-24T09:39:37.428Z] Using project from CLI flag: ware-house-39886
[debug] [2022-12-24T09:39:37.431Z] > refreshing access token with scopes: []
[debug] [2022-12-24T09:39:37.435Z] >>> [apiv2][query] POST https://www.googleapis.com/oauth2/v3/token [none]
[debug] [2022-12-24T09:39:37.436Z] >>> [apiv2][body] POST https://www.googleapis.com/oauth2/v3/token [omitted]
[debug] [2022-12-24T09:39:37.864Z] <<< [apiv2][status] POST https://www.googleapis.com/oauth2/v3/token 400
[debug] [2022-12-24T09:39:37.865Z] <<< [apiv2][body] POST https://www.googleapis.com/oauth2/v3/token [omitted]
[debug] [2022-12-24T09:39:37.867Z] >>> [apiv2][query] GET https://firebase.googleapis.com/v1beta1/projects/ware-house-39886 [none]
[debug] [2022-12-24T09:39:38.391Z] <<< [apiv2][status] GET https://firebase.googleapis.com/v1beta1/projects/ware-house-39886 401
[debug] [2022-12-24T09:39:38.391Z] <<< [apiv2][body] GET https://firebase.googleapis.com/v1beta1/projects/ware-house-39886 {"error":{"code":401,"message":"Request had invalid authentication credentials. Expected OAuth 2 access token, login cookie or other valid authentication credential. See https://developers.google.com/identity/sign-in/web/devconsole-project.","status":"UNAUTHENTICATED"}}
[debug] [2022-12-24T09:39:38.392Z] HTTP Error: 401, Request had invalid authentication credentials. Expected OAuth 2 access token, login cookie or other valid authentication credential. See https://developers.google.com/identity/sign-in/web/devconsole-project.
[debug] [2022-12-24T09:39:38.650Z] FirebaseError: HTTP Error: 401, Request had invalid authentication credentials. Expected OAuth 2 access token, login cookie or other valid authentication credential. See https://developers.google.com/identity/sign-in/web/devconsole-project.
    at responseToError (C:\Users\imran\AppData\Roaming\npm\node_modules\firebase-tools\lib\responseToError.js:49:12)
    at RetryOperation._fn (C:\Users\imran\AppData\Roaming\npm\node_modules\firebase-tools\lib\apiv2.js:288:77)
    at processTicksAndRejections (node:internal/process/task_queues:96:5)
[error] 
[error] Error: Failed to get Firebase project ware-house-39886. Please make sure the project exists and your account has permission to access it.
[debug] [2022-12-24T09:44:25.492Z] ----------------------------------------------------------------------
[debug] [2022-12-24T09:44:25.495Z] Command:       C:\Program Files\nodejs\node.exe C:\Users\imran\AppData\Roaming\npm\node_modules\firebase-tools\lib\bin\firebase.js init
[debug] [2022-12-24T09:44:25.496Z] CLI Version:   11.14.4
[debug] [2022-12-24T09:44:25.496Z] Platform:      win32
[debug] [2022-12-24T09:44:25.497Z] Node Version:  v16.13.1
[debug] [2022-12-24T09:44:25.498Z] Time:          Sat Dec 24 2022 15:44:25 GMT+0600 (Bangladesh Standard Time)
[debug] [2022-12-24T09:44:25.499Z] ----------------------------------------------------------------------
[debug] 
[debug] [2022-12-24T09:44:25.633Z] > command requires scopes: ["email","openid","https://www.googleapis.com/auth/cloudplatformprojects.readonly","https://www.googleapis.com/auth/firebase","https://www.googleapis.com/auth/cloud-platform"]
[debug] [2022-12-24T09:44:25.634Z] > authorizing via signed-in user (imran15-1919@diu.edu.bd)
[info] 
     ######## #### ########  ######## ########     ###     ######  ########
     ##        ##  ##     ## ##       ##     ##  ##   ##  ##       ##
     ######    ##  ########  ######   ########  #########  ######  ######
     ##        ##  ##    ##  ##       ##     ## ##     ##       ## ##
     ##       #### ##     ## ######## ########  ##     ##  ######  ########

You're about to initialize a Firebase project in this directory:

  G:\Node-JS\ware-house-full\ware-house-client

Before we get started, keep in mind:

  * You are initializing within an existing Firebase project directory

[info] 
=== Project Setup
[info] 
[info] First, let's associate this project directory with a Firebase project.
[info] You can create multiple project aliases by running firebase use --add, 
[info] but for now we'll just set up a default project.
[info] 
[debug] [2022-12-24T09:44:54.090Z] Using project from CLI flag: ware-house-39886
[debug] [2022-12-24T09:44:54.093Z] > refreshing access token with scopes: []
[debug] [2022-12-24T09:44:54.097Z] >>> [apiv2][query] POST https://www.googleapis.com/oauth2/v3/token [none]
[debug] [2022-12-24T09:44:54.098Z] >>> [apiv2][body] POST https://www.googleapis.com/oauth2/v3/token [omitted]
[debug] [2022-12-24T09:44:54.554Z] <<< [apiv2][status] POST https://www.googleapis.com/oauth2/v3/token 400
[debug] [2022-12-24T09:44:54.555Z] <<< [apiv2][body] POST https://www.googleapis.com/oauth2/v3/token [omitted]
[debug] [2022-12-24T09:44:54.556Z] >>> [apiv2][query] GET https://firebase.googleapis.com/v1beta1/projects/ware-house-39886 [none]
[debug] [2022-12-24T09:44:55.336Z] <<< [apiv2][status] GET https://firebase.googleapis.com/v1beta1/projects/ware-house-39886 401
[debug] [2022-12-24T09:44:55.337Z] <<< [apiv2][body] GET https://firebase.googleapis.com/v1beta1/projects/ware-house-39886 {"error":{"code":401,"message":"Request had invalid authentication credentials. Expected OAuth 2 access token, login cookie or other valid authentication credential. See https://developers.google.com/identity/sign-in/web/devconsole-project.","status":"UNAUTHENTICATED"}}
[debug] [2022-12-24T09:44:55.339Z] HTTP Error: 401, Request had invalid authentication credentials. Expected OAuth 2 access token, login cookie or other valid authentication credential. See https://developers.google.com/identity/sign-in/web/devconsole-project.
[debug] [2022-12-24T09:44:55.706Z] FirebaseError: HTTP Error: 401, Request had invalid authentication credentials. Expected OAuth 2 access token, login cookie or other valid authentication credential. See https://developers.google.com/identity/sign-in/web/devconsole-project.
    at responseToError (C:\Users\imran\AppData\Roaming\npm\node_modules\firebase-tools\lib\responseToError.js:49:12)
    at RetryOperation._fn (C:\Users\imran\AppData\Roaming\npm\node_modules\firebase-tools\lib\apiv2.js:288:77)
    at processTicksAndRejections (node:internal/process/task_queues:96:5)
[error] 
[error] Error: Failed to get Firebase project ware-house-39886. Please make sure the project exists and your account has permission to access it.
[debug] [2022-12-24T09:50:49.683Z] ----------------------------------------------------------------------
[debug] [2022-12-24T09:50:49.687Z] Command:       C:\Program Files\nodejs\node.exe C:\Users\imran\AppData\Roaming\npm\node_modules\firebase-tools\lib\bin\firebase.js deploy
[debug] [2022-12-24T09:50:49.688Z] CLI Version:   11.14.4
[debug] [2022-12-24T09:50:49.689Z] Platform:      win32
[debug] [2022-12-24T09:50:49.689Z] Node Version:  v16.13.1
[debug] [2022-12-24T09:50:49.691Z] Time:          Sat Dec 24 2022 15:50:49 GMT+0600 (Bangladesh Standard Time)
[debug] [2022-12-24T09:50:49.692Z] ----------------------------------------------------------------------
[debug] 
[debug] [2022-12-24T09:50:49.810Z] > command requires scopes: ["email","openid","https://www.googleapis.com/auth/cloudplatformprojects.readonly","https://www.googleapis.com/auth/firebase","https://www.googleapis.com/auth/cloud-platform"]
[debug] [2022-12-24T09:50:49.810Z] > authorizing via signed-in user (imran15-1919@diu.edu.bd)
[debug] [2022-12-24T09:50:49.810Z] [iam] checking project ware-house-39886 for permissions ["firebase.projects.get","firebasehosting.sites.update"]
[debug] [2022-12-24T09:50:49.813Z] > refreshing access token with scopes: []
[debug] [2022-12-24T09:50:49.815Z] >>> [apiv2][query] POST https://www.googleapis.com/oauth2/v3/token [none]
[debug] [2022-12-24T09:50:49.815Z] >>> [apiv2][body] POST https://www.googleapis.com/oauth2/v3/token [omitted]
[debug] [2022-12-24T09:50:50.215Z] <<< [apiv2][status] POST https://www.googleapis.com/oauth2/v3/token 400
[debug] [2022-12-24T09:50:50.216Z] <<< [apiv2][body] POST https://www.googleapis.com/oauth2/v3/token [omitted]
[debug] [2022-12-24T09:50:50.217Z] >>> [apiv2][query] POST https://cloudresourcemanager.googleapis.com/v1/projects/ware-house-39886:testIamPermissions [none]
[debug] [2022-12-24T09:50:50.217Z] >>> [apiv2][(partial)header] POST https://cloudresourcemanager.googleapis.com/v1/projects/ware-house-39886:testIamPermissions x-goog-quota-user=projects/ware-house-39886
[debug] [2022-12-24T09:50:50.218Z] >>> [apiv2][body] POST https://cloudresourcemanager.googleapis.com/v1/projects/ware-house-39886:testIamPermissions {"permissions":["firebase.projects.get","firebasehosting.sites.update"]}
[debug] [2022-12-24T09:50:51.649Z] <<< [apiv2][status] POST https://cloudresourcemanager.googleapis.com/v1/projects/ware-house-39886:testIamPermissions 401
[debug] [2022-12-24T09:50:51.650Z] <<< [apiv2][body] POST https://cloudresourcemanager.googleapis.com/v1/projects/ware-house-39886:testIamPermissions {"error":{"code":401,"message":"Request had invalid authentication credentials. Expected OAuth 2 access token, login cookie or other valid authentication credential. See https://developers.google.com/identity/sign-in/web/devconsole-project.","status":"UNAUTHENTICATED","details":[{"@type":"type.googleapis.com/google.rpc.ErrorInfo","reason":"ACCESS_TOKEN_TYPE_UNSUPPORTED","metadata":{"method":"google.cloudresourcemanager.v1.Projects.TestIamPermissions","service":"cloudresourcemanager.googleapis.com"}}]}}
[debug] [2022-12-24T09:50:51.652Z] [iam] error while checking permissions, command may fail: FirebaseError: HTTP Error: 401, Request had invalid authentication credentials. Expected OAuth 2 access token, login cookie or other valid authentication credential. See https://developers.google.com/identity/sign-in/web/devconsole-project.
[debug] [2022-12-24T09:50:51.653Z] > refreshing access token with scopes: []
[debug] [2022-12-24T09:50:51.654Z] >>> [apiv2][query] POST https://www.googleapis.com/oauth2/v3/token [none]
[debug] [2022-12-24T09:50:51.654Z] >>> [apiv2][body] POST https://www.googleapis.com/oauth2/v3/token [omitted]
[debug] [2022-12-24T09:50:51.940Z] <<< [apiv2][status] POST https://www.googleapis.com/oauth2/v3/token 400
[debug] [2022-12-24T09:50:51.940Z] <<< [apiv2][body] POST https://www.googleapis.com/oauth2/v3/token [omitted]
[debug] [2022-12-24T09:50:51.941Z] >>> [apiv2][query] GET https://firebase.googleapis.com/v1beta1/projects/ware-house-39886 [none]
[debug] [2022-12-24T09:50:52.574Z] <<< [apiv2][status] GET https://firebase.googleapis.com/v1beta1/projects/ware-house-39886 401
[debug] [2022-12-24T09:50:52.575Z] <<< [apiv2][body] GET https://firebase.googleapis.com/v1beta1/projects/ware-house-39886 {"error":{"code":401,"message":"Request had invalid authentication credentials. Expected OAuth 2 access token, login cookie or other valid authentication credential. See https://developers.google.com/identity/sign-in/web/devconsole-project.","status":"UNAUTHENTICATED"}}
[debug] [2022-12-24T09:50:52.576Z] HTTP Error: 401, Request had invalid authentication credentials. Expected OAuth 2 access token, login cookie or other valid authentication credential. See https://developers.google.com/identity/sign-in/web/devconsole-project.
[debug] [2022-12-24T09:50:52.911Z] FirebaseError: HTTP Error: 401, Request had invalid authentication credentials. Expected OAuth 2 access token, login cookie or other valid authentication credential. See https://developers.google.com/identity/sign-in/web/devconsole-project.
    at responseToError (C:\Users\imran\AppData\Roaming\npm\node_modules\firebase-tools\lib\responseToError.js:49:12)
    at RetryOperation._fn (C:\Users\imran\AppData\Roaming\npm\node_modules\firebase-tools\lib\apiv2.js:288:77)
    at processTicksAndRejections (node:internal/process/task_queues:96:5)
[error] 
[error] Error: Failed to get Firebase project ware-house-39886. Please make sure the project exists and your account has permission to access it.
